#
# A fatal error has been detected by the Java Runtime Environment:
#
#  SIGSEGV (0xb) at pc=0x00007f1cd29bd00a, pid=9137, tid=0x00007f1cd0e7a700
#
# JRE version: Java(TM) SE Runtime Environment (8.0_171-b11) (build 1.8.0_171-b11)
# Java VM: Java HotSpot(TM) 64-Bit Server VM (25.171-b11 mixed mode linux-amd64 compressed oops)
# Problematic frame:
# C  [libc.so.6+0x14e00a]
#
# Failed to write core dump. Core dumps have been disabled. To enable core dumping, try "ulimit -c unlimited" before starting Java again
#
# If you would like to submit a bug report, please visit:
#   http://bugreport.java.com/bugreport/crash.jsp
# The crash happened outside the Java Virtual Machine in native code.
# See problematic frame for where to report the bug.
#

---------------  T H R E A D  ---------------

Current thread (0x00007f1ccc00a000):  JavaThread "main" [_thread_in_native, id=9163, stack(0x00007f1cd0d7a000,0x00007f1cd0e7b000)]

siginfo: si_signo: 11 (SIGSEGV), si_code: 1 (SEGV_MAPERR), si_addr: 0x0000000001001f5a

Registers:
RAX=0x0000000001001f5a, RBX=0x0000000001001f5a, RCX=0x0000000000000190, RDX=0x0000000000000018
RSP=0x00007f1cd0e751c8, RBP=0x0000000000000190, RSI=0x00007f1cd0e75477, RDI=0x0000000001001f5a
R8 =0x00000000ffffffff, R9 =0xfffffffffffffff8, R10=0x00000000ffffffff, R11=0x000000000393b128
R12=0x0000000000000018, R13=0x0000000000000003, R14=0x0000000000000000, R15=0x00007f1cd35dcd78
RIP=0x00007f1cd29bd00a, EFLAGS=0x0000000000010283, CSGSFS=0x002b000000000033, ERR=0x0000000000000006
  TRAPNO=0x000000000000000e

Top of Stack: (sp=0x00007f1cd0e751c8)
0x00007f1cd0e751c8:   00007f1cd24588ac 00007f1c949116c8
0x00007f1cd0e751d8:   0000000000000000 0000000000000000
0x00007f1cd0e751e8:   00007f1cd0e75477 00000000c00007a8
0x00007f1cd0e751f8:   00007f1cd0e75210 00007f1cd0e752b0
0x00007f1cd0e75208:   00007f1cd0e752b8 0000000000000018
0x00007f1cd0e75218:   8e179fc2a1096c00 00007f1ccc00a000
0x00007f1cd0e75228:   0000000000000018 00000000000000b7
0x00007f1cd0e75238:   00000000000000b7 00007f1cd0e75477
0x00007f1cd0e75248:   00000000000000b7 00007f1cd35dcd78
0x00007f1cd0e75258:   00007f1cd2458b5c 00007f1cd35dcd78
0x00007f1cd0e75268:   00007f1cd2458ab7 000000007053be68
0x00007f1cd0e75278:   00000000000000cf 00000000000000b7
0x00007f1cd0e75288:   000000af00000003 0000000000000000
0x00007f1cd0e75298:   00007f1cd0e752b8 00007f1cd0e752b0
0x00007f1cd0e752a8:   00007f1cd0e752c0 0000000000000042
0x00007f1cd0e752b8:   00007f1c94a97c90 0000000000000000
0x00007f1cd0e752c8:   8e179fc2a1096c00 54203a45544f4e23
0x00007f1cd0e752d8:   00007f1cd35dcd78 00007f1cd35dcef8
0x00007f1cd0e752e8:   0000000000000190 00007f1cd0e753c0
0x00007f1cd0e752f8:   00000000000000af 0000000000000000
0x00007f1cd0e75308:   00007f1cd245bc58 00007f1cd35dcd78
0x00007f1cd0e75318:   00007f1cd245bba3 00007f1cd0e75330
0x00007f1cd0e75328:   00000000000000cf 000000afcc00a000
0x00007f1cd0e75338:   00007f1cd0e753c0 00007f1ccc00a000
0x00007f1cd0e75348:   0000000000000032 00007f1cd0e75390
0x00007f1cd0e75358:   00000000000000cf 00007f1cd0e753c0
0x00007f1cd0e75368:   00007f1cd0957676 0000000000000032
0x00007f1cd0e75378:   00007f1cbce4db20 00007f1ccc00a1f8
0x00007f1cd0e75388:   00000000000000cf 00007f1cd0e773f0
0x00007f1cd0e75398:   00007f1cd0956ffe 00007f1c7078e860
0x00007f1cd0e753a8:   00007f1cd0e753c0 00007f1cd0e77420
0x00007f1cd0e753b8:   00007f1cd0e753c0 54203a45544f4e23 

Instructions: (pc=0x00007f1cd29bd00a)
0x00007f1cd29bcfea:   c5 fa 7f 07 c5 fa 7f 4f 10 c5 fa 7f 74 17 e0 c5
0x00007f1cd29bcffa:   fa 7f 7c 17 f0 c3 c5 fa 6f 06 c5 fa 6f 7c 16 f0
0x00007f1cd29bd00a:   c5 fa 7f 07 c5 fa 7f 7c 17 f0 c3 90 66 2e 0f 1f
0x00007f1cd29bd01a:   84 00 00 00 00 00 80 fa 08 72 1b 48 8b 4c 16 f8 

Register to memory mapping:

RAX=0x0000000001001f5a is an unknown value
RBX=0x0000000001001f5a is an unknown value
RCX=0x0000000000000190 is an unknown value
RDX=0x0000000000000018 is an unknown value
RSP=0x00007f1cd0e751c8 is pointing into the stack for thread: 0x00007f1ccc00a000
RBP=0x0000000000000190 is an unknown value
RSI=0x00007f1cd0e75477 is pointing into the stack for thread: 0x00007f1ccc00a000
RDI=0x0000000001001f5a is an unknown value
R8 =0x00000000ffffffff is an unknown value
R9 =0xfffffffffffffff8 is an unknown value
R10=0x00000000ffffffff is an unknown value
R11=0x000000000393b128 is an unknown value
R12=0x0000000000000018 is an unknown value
R13=0x0000000000000003 is an unknown value
R14=0x0000000000000000 is an unknown value
R15=0x00007f1cd35dcd78 is an unknown value


Stack: [0x00007f1cd0d7a000,0x00007f1cd0e7b000],  sp=0x00007f1cd0e751c8,  free space=1004k
Native frames: (J=compiled Java code, j=interpreted, Vv=VM code, C=native code)
C  [libc.so.6+0x14e00a]

Java frames: (J=compiled Java code, j=interpreted, Vv=VM code)
J 3795  java.io.RandomAccessFile.writeBytes([BII)V (0 bytes) @ 0x00007f1cbcf2760c [0x00007f1cbcf275c0+0x4c]
j  java.io.RandomAccessFile.write([B)V+5
j  org.eclipse.aether.internal.impl.TrackingFileManager.update(Ljava/io/File;Ljava/util/Map;)Ljava/util/Properties;+301
j  org.eclipse.aether.internal.impl.EnhancedLocalRepositoryManager.addRepo(Ljava/io/File;Ljava/util/Collection;)V+71
j  org.eclipse.aether.internal.impl.EnhancedLocalRepositoryManager.addArtifact(Lorg/eclipse/aether/artifact/Artifact;Ljava/util/Collection;Z)V+44
j  org.eclipse.aether.internal.impl.EnhancedLocalRepositoryManager.add(Lorg/eclipse/aether/RepositorySystemSession;Lorg/eclipse/aether/repository/LocalArtifactRegistration;)V+47
j  org.eclipse.aether.internal.impl.DefaultArtifactResolver.evaluateDownloads(Lorg/eclipse/aether/RepositorySystemSession;Lorg/eclipse/aether/internal/impl/DefaultArtifactResolver$ResolutionGroup;)V+144
j  org.eclipse.aether.internal.impl.DefaultArtifactResolver.performDownloads(Lorg/eclipse/aether/RepositorySystemSession;Lorg/eclipse/aether/internal/impl/DefaultArtifactResolver$ResolutionGroup;)V+181
J 3988 C1 org.eclipse.aether.internal.impl.DefaultArtifactResolver.resolve(Lorg/eclipse/aether/RepositorySystemSession;Ljava/util/Collection;)Ljava/util/List; (1078 bytes) @ 0x00007f1cbdaa8ed4 [0x00007f1cbdaa7200+0x1cd4]
J 3984 C1 org.eclipse.aether.internal.impl.DefaultArtifactResolver.resolveArtifacts(Lorg/eclipse/aether/RepositorySystemSession;Ljava/util/Collection;)Ljava/util/List; (129 bytes) @ 0x00007f1cbdaaec9c [0x00007f1cbdaae8c0+0x3dc]
J 4001 C1 org.apache.maven.repository.internal.DefaultArtifactDescriptorReader.loadPom(Lorg/eclipse/aether/RepositorySystemSession;Lorg/eclipse/aether/resolution/ArtifactDescriptorRequest;Lorg/eclipse/aether/resolution/ArtifactDescriptorResult;)Lorg/apache/maven/model/Model; (818 bytes) @ 0x00007f1cbdacee74 [0x00007f1cbdace1e0+0xc94]
j  org.apache.maven.repository.internal.DefaultArtifactDescriptorReader.readArtifactDescriptor(Lorg/eclipse/aether/RepositorySystemSession;Lorg/eclipse/aether/resolution/ArtifactDescriptorRequest;)Lorg/eclipse/aether/resolution/ArtifactDescriptorResult;+13
J 3521 C1 org.eclipse.aether.internal.impl.DefaultDependencyCollector.resolveCachedArtifactDescriptor(Lorg/eclipse/aether/internal/impl/DataPool;Lorg/eclipse/aether/resolution/ArtifactDescriptorRequest;Lorg/eclipse/aether/RepositorySystemSession;Lorg/eclipse/aether/graph/Dependency;Lorg/eclipse/aether/internal/impl/DefaultDependencyCollector$Results;Lorg/eclipse/aether/internal/impl/DefaultDependencyCollector$Args;)Lorg/eclipse/aether/resolution/ArtifactDescriptorResult; (84 bytes) @ 0x00007f1cbd94139c [0x00007f1cbd940dc0+0x5dc]
J 2974 C1 org.eclipse.aether.internal.impl.DefaultDependencyCollector.processDependency(Lorg/eclipse/aether/internal/impl/DefaultDependencyCollector$Args;Lorg/eclipse/aether/internal/impl/DefaultDependencyCollector$Results;Ljava/util/List;Lorg/eclipse/aether/collection/DependencySelector;Lorg/eclipse/aether/collection/DependencyManager;Lorg/eclipse/aether/collection/DependencyTraverser;Lorg/eclipse/aether/collection/VersionFilter;Lorg/eclipse/aether/graph/Dependency;Ljava/util/List;Z)V (628 bytes) @ 0x00007f1cbd759314 [0x00007f1cbd758d60+0x5b4]
J 3924 C1 org.eclipse.aether.internal.impl.DefaultDependencyCollector.process(Lorg/eclipse/aether/internal/impl/DefaultDependencyCollector$Args;Lorg/eclipse/aether/internal/impl/DefaultDependencyCollector$Results;Ljava/util/List;Ljava/util/List;Lorg/eclipse/aether/collection/DependencySelector;Lorg/eclipse/aether/collection/DependencyManager;Lorg/eclipse/aether/collection/DependencyTraverser;Lorg/eclipse/aether/collection/VersionFilter;)V (52 bytes) @ 0x00007f1cbda5074c [0x00007f1cbda50360+0x3ec]
j  org.eclipse.aether.internal.impl.DefaultDependencyCollector.collectDependencies(Lorg/eclipse/aether/RepositorySystemSession;Lorg/eclipse/aether/collection/CollectRequest;)Lorg/eclipse/aether/collection/CollectResult;+735
j  org.eclipse.aether.internal.impl.DefaultRepositorySystem.collectDependencies(Lorg/eclipse/aether/RepositorySystemSession;Lorg/eclipse/aether/collection/CollectRequest;)Lorg/eclipse/aether/collection/CollectResult;+11
j  org.apache.maven.project.DefaultProjectDependenciesResolver.resolve(Lorg/apache/maven/project/DependencyResolutionRequest;)Lorg/apache/maven/project/DependencyResolutionResult;+678
j  org.apache.maven.lifecycle.internal.LifecycleDependencyResolver.getDependencies(Lorg/apache/maven/project/MavenProject;Ljava/util/Collection;Ljava/util/Collection;Lorg/apache/maven/execution/MavenSession;ZLjava/util/Set;)Ljava/util/Set;+152
j  org.apache.maven.lifecycle.internal.LifecycleDependencyResolver.resolveProjectDependencies(Lorg/apache/maven/project/MavenProject;Ljava/util/Collection;Ljava/util/Collection;Lorg/apache/maven/execution/MavenSession;ZLjava/util/Set;)V+80
j  org.apache.maven.lifecycle.internal.MojoExecutor.ensureDependenciesAreResolved(Lorg/apache/maven/plugin/descriptor/MojoDescriptor;Lorg/apache/maven/execution/MavenSession;Lorg/apache/maven/lifecycle/internal/DependencyContext;)V+47
j  org.apache.maven.lifecycle.internal.MojoExecutor.execute(Lorg/apache/maven/execution/MavenSession;Lorg/apache/maven/plugin/MojoExecution;Lorg/apache/maven/lifecycle/internal/ProjectIndex;Lorg/apache/maven/lifecycle/internal/DependencyContext;)V+197
j  org.apache.maven.lifecycle.internal.MojoExecutor.execute(Lorg/apache/maven/execution/MavenSession;Lorg/apache/maven/plugin/MojoExecution;Lorg/apache/maven/lifecycle/internal/ProjectIndex;Lorg/apache/maven/lifecycle/internal/DependencyContext;Lorg/apache/maven/lifecycle/internal/PhaseRecorder;)V+6
j  org.apache.maven.lifecycle.internal.MojoExecutor.execute(Lorg/apache/maven/execution/MavenSession;Ljava/util/List;Lorg/apache/maven/lifecycle/internal/ProjectIndex;)V+60
j  org.apache.maven.lifecycle.internal.LifecycleModuleBuilder.buildProject(Lorg/apache/maven/execution/MavenSession;Lorg/apache/maven/execution/MavenSession;Lorg/apache/maven/lifecycle/internal/ReactorContext;Lorg/apache/maven/project/MavenProject;Lorg/apache/maven/lifecycle/internal/TaskSegment;)V+180
j  org.apache.maven.lifecycle.internal.LifecycleModuleBuilder.buildProject(Lorg/apache/maven/execution/MavenSession;Lorg/apache/maven/lifecycle/internal/ReactorContext;Lorg/apache/maven/project/MavenProject;Lorg/apache/maven/lifecycle/internal/TaskSegment;)V+7
j  org.apache.maven.lifecycle.internal.builder.singlethreaded.SingleThreadedBuilder.build(Lorg/apache/maven/execution/MavenSession;Lorg/apache/maven/lifecycle/internal/ReactorContext;Lorg/apache/maven/lifecycle/internal/ProjectBuildList;Ljava/util/List;Lorg/apache/maven/lifecycle/internal/ReactorBuildStatus;)V+77
j  org.apache.maven.lifecycle.internal.LifecycleStarter.execute(Lorg/apache/maven/execution/MavenSession;)V+353
j  org.apache.maven.DefaultMaven.doExecute(Lorg/apache/maven/execution/MavenExecutionRequest;Lorg/apache/maven/execution/MavenSession;Lorg/apache/maven/execution/MavenExecutionResult;Lorg/eclipse/aether/DefaultRepositorySystemSession;)Lorg/apache/maven/execution/MavenExecutionResult;+414
j  org.apache.maven.DefaultMaven.doExecute(Lorg/apache/maven/execution/MavenExecutionRequest;)Lorg/apache/maven/execution/MavenExecutionResult;+99
j  org.apache.maven.DefaultMaven.execute(Lorg/apache/maven/execution/MavenExecutionRequest;)Lorg/apache/maven/execution/MavenExecutionResult;+2
j  org.apache.maven.cli.MavenCli.execute(Lorg/apache/maven/cli/CliRequest;)I+27
j  org.apache.maven.cli.MavenCli.doMain(Lorg/apache/maven/cli/CliRequest;)I+66
j  org.apache.maven.cli.MavenCli.main([Ljava/lang/String;Lorg/codehaus/plexus/classworlds/ClassWorld;)I+18
v  ~StubRoutines::call_stub
j  sun.reflect.NativeMethodAccessorImpl.invoke0(Ljava/lang/reflect/Method;Ljava/lang/Object;[Ljava/lang/Object;)Ljava/lang/Object;+0
j  sun.reflect.NativeMethodAccessorImpl.invoke(Ljava/lang/Object;[Ljava/lang/Object;)Ljava/lang/Object;+100
j  sun.reflect.DelegatingMethodAccessorImpl.invoke(Ljava/lang/Object;[Ljava/lang/Object;)Ljava/lang/Object;+6
j  java.lang.reflect.Method.invoke(Ljava/lang/Object;[Ljava/lang/Object;)Ljava/lang/Object;+56
j  org.codehaus.plexus.classworlds.launcher.Launcher.launchEnhanced([Ljava/lang/String;)V+45
j  org.codehaus.plexus.classworlds.launcher.Launcher.launch([Ljava/lang/String;)V+2
j  org.codehaus.plexus.classworlds.launcher.Launcher.mainWithExitCode([Ljava/lang/String;)I+101
j  org.codehaus.plexus.classworlds.launcher.Launcher.main([Ljava/lang/String;)V+1
v  ~StubRoutines::call_stub

---------------  P R O C E S S  ---------------

Java Threads: ( => current thread )
  0x00007f1ccc0c1000 JavaThread "Service Thread" daemon [_thread_blocked, id=9175, stack(0x00007f1c9623d000,0x00007f1c9633e000)]
  0x00007f1ccc0be000 JavaThread "C1 CompilerThread2" daemon [_thread_blocked, id=9174, stack(0x00007f1c9633e000,0x00007f1c9643f000)]
  0x00007f1ccc0bc000 JavaThread "C2 CompilerThread1" daemon [_thread_in_native, id=9173, stack(0x00007f1c9643f000,0x00007f1c96540000)]
  0x00007f1ccc0b9800 JavaThread "C2 CompilerThread0" daemon [_thread_in_native, id=9172, stack(0x00007f1c96540000,0x00007f1c96641000)]
  0x00007f1ccc0b8000 JavaThread "Signal Dispatcher" daemon [_thread_blocked, id=9171, stack(0x00007f1cac081000,0x00007f1cac182000)]
  0x00007f1ccc084800 JavaThread "Finalizer" daemon [_thread_blocked, id=9170, stack(0x00007f1cac182000,0x00007f1cac283000)]
  0x00007f1ccc080000 JavaThread "Reference Handler" daemon [_thread_blocked, id=9169, stack(0x00007f1cad283000,0x00007f1cad384000)]
=>0x00007f1ccc00a000 JavaThread "main" [_thread_in_native, id=9163, stack(0x00007f1cd0d7a000,0x00007f1cd0e7b000)]

Other Threads:
  0x00007f1ccc078000 VMThread [stack: 0x00007f1cad384000,0x00007f1cad485000] [id=9168]
  0x00007f1ccc0c6000 WatcherThread [stack: 0x00007f1c9513c000,0x00007f1c9523d000] [id=9176]

VM state:not at safepoint (normal execution)

VM Mutex/Monitor currently owned by a thread: None

Heap:
 PSYoungGen      total 191488K, used 123619K [0x000000074dd00000, 0x000000075a600000, 0x00000007c0000000)
  eden space 177152K, 69% used [0x000000074dd00000,0x00000007555b8cc8,0x0000000758a00000)
  from space 14336K, 0% used [0x0000000759800000,0x0000000759800000,0x000000075a600000)
  to   space 14336K, 0% used [0x0000000758a00000,0x0000000758a00000,0x0000000759800000)
 ParOldGen       total 144896K, used 15214K [0x0000000669600000, 0x0000000672380000, 0x000000074dd00000)
  object space 144896K, 10% used [0x0000000669600000,0x000000066a4dba48,0x0000000672380000)
 Metaspace       used 29209K, capacity 30266K, committed 30464K, reserved 1075200K
  class space    used 3529K, capacity 3831K, committed 3840K, reserved 1048576K

Card table byte_map: [0x00007f1cbbf6e000,0x00007f1cbca24000] byte_map_base: 0x00007f1cb8c23000

Marking Bits: (ParMarkBitMap*) 0x00007f1cd2154280
 Begin Bits: [0x00007f1cb08f6000, 0x00007f1cb5e9e000)
 End Bits:   [0x00007f1cb5e9e000, 0x00007f1cbb446000)

Polling page: 0x00007f1cd36a3000

CodeCache: size=245760Kb used=13319Kb max_used=14403Kb free=232440Kb
 bounds [0x00007f1cbcde4000, 0x00007f1cbdc24000, 0x00007f1ccbde4000]
 total_blobs=4690 nmethods=4276 adapters=327
 compilation: enabled

Compilation events (10 events):
Event: 12.724 Thread 0x00007f1ccc0bc000 nmethod 4157 0x00007f1cbd3aad50 code [0x00007f1cbd3aaea0, 0x00007f1cbd3ab058]
Event: 12.724 Thread 0x00007f1ccc0bc000 4158       4       java.lang.String::contains (20 bytes)
Event: 12.725 Thread 0x00007f1ccc0bc000 nmethod 4158 0x00007f1cbd3aa950 code [0x00007f1cbd3aaaa0, 0x00007f1cbd3aac98]
Event: 12.725 Thread 0x00007f1ccc0bc000 4117   !   4       java.lang.ref.Finalizer::add (41 bytes)
Event: 12.726 Thread 0x00007f1ccc0bc000 nmethod 4117 0x00007f1cbd4ef0d0 code [0x00007f1cbd4ef220, 0x00007f1cbd4ef4b8]
Event: 12.726 Thread 0x00007f1ccc0bc000 4118       4       java.lang.ref.Finalizer::register (10 bytes)
Event: 12.727 Thread 0x00007f1ccc0bc000 nmethod 4118 0x00007f1cbd4eead0 code [0x00007f1cbd4eec40, 0x00007f1cbd4eefb8]
Event: 12.727 Thread 0x00007f1ccc0bc000 4111       4       java.net.URLClassLoader$1::run (5 bytes)
Event: 12.731 Thread 0x00007f1ccc0b9800 nmethod 4781 0x00007f1cbcfb9310 code [0x00007f1cbcfb94c0, 0x00007f1cbcfb99d0]
Event: 12.731 Thread 0x00007f1ccc0b9800 4235       4       java.math.BigInteger::implMulAdd (81 bytes)

GC Heap History (10 events):
Event: 3.736 GC heap before
{Heap before GC invocations=1 (full 0):
 PSYoungGen      total 102912K, used 88576K [0x000000074dd00000, 0x0000000754f80000, 0x00000007c0000000)
  eden space 88576K, 100% used [0x000000074dd00000,0x0000000753380000,0x0000000753380000)
  from space 14336K, 0% used [0x0000000754180000,0x0000000754180000,0x0000000754f80000)
  to   space 14336K, 0% used [0x0000000753380000,0x0000000753380000,0x0000000754180000)
 ParOldGen       total 235008K, used 0K [0x0000000669600000, 0x0000000677b80000, 0x000000074dd00000)
  object space 235008K, 0% used [0x0000000669600000,0x0000000669600000,0x0000000677b80000)
 Metaspace       used 14066K, capacity 14214K, committed 14464K, reserved 1062912K
  class space    used 1754K, capacity 1833K, committed 1920K, reserved 1048576K
Event: 3.757 GC heap after
Heap after GC invocations=1 (full 0):
 PSYoungGen      total 102912K, used 11960K [0x000000074dd00000, 0x0000000754f80000, 0x00000007c0000000)
  eden space 88576K, 0% used [0x000000074dd00000,0x000000074dd00000,0x0000000753380000)
  from space 14336K, 83% used [0x0000000753380000,0x0000000753f2e100,0x0000000754180000)
  to   space 14336K, 0% used [0x0000000754180000,0x0000000754180000,0x0000000754f80000)
 ParOldGen       total 235008K, used 0K [0x0000000669600000, 0x0000000677b80000, 0x000000074dd00000)
  object space 235008K, 0% used [0x0000000669600000,0x0000000669600000,0x0000000677b80000)
 Metaspace       used 14066K, capacity 14214K, committed 14464K, reserved 1062912K
  class space    used 1754K, capacity 1833K, committed 1920K, reserved 1048576K
}
Event: 6.000 GC heap before
{Heap before GC invocations=2 (full 0):
 PSYoungGen      total 102912K, used 100536K [0x000000074dd00000, 0x0000000754f80000, 0x00000007c0000000)
  eden space 88576K, 100% used [0x000000074dd00000,0x0000000753380000,0x0000000753380000)
  from space 14336K, 83% used [0x0000000753380000,0x0000000753f2e100,0x0000000754180000)
  to   space 14336K, 0% used [0x0000000754180000,0x0000000754180000,0x0000000754f80000)
 ParOldGen       total 235008K, used 0K [0x0000000669600000, 0x0000000677b80000, 0x000000074dd00000)
  object space 235008K, 0% used [0x0000000669600000,0x0000000669600000,0x0000000677b80000)
 Metaspace       used 16893K, capacity 17136K, committed 17536K, reserved 1064960K
  class space    used 1990K, capacity 2070K, committed 2176K, reserved 1048576K
Event: 6.032 GC heap after
Heap after GC invocations=2 (full 0):
 PSYoungGen      total 102912K, used 11271K [0x000000074dd00000, 0x0000000754f80000, 0x00000007c0000000)
  eden space 88576K, 0% used [0x000000074dd00000,0x000000074dd00000,0x0000000753380000)
  from space 14336K, 78% used [0x0000000754180000,0x0000000754c81ed0,0x0000000754f80000)
  to   space 14336K, 0% used [0x0000000753380000,0x0000000753380000,0x0000000754180000)
 ParOldGen       total 235008K, used 0K [0x0000000669600000, 0x0000000677b80000, 0x000000074dd00000)
  object space 235008K, 0% used [0x0000000669600000,0x0000000669600000,0x0000000677b80000)
 Metaspace       used 16893K, capacity 17136K, committed 17536K, reserved 1064960K
  class space    used 1990K, capacity 2070K, committed 2176K, reserved 1048576K
}
Event: 7.600 GC heap before
{Heap before GC invocations=3 (full 0):
 PSYoungGen      total 102912K, used 99847K [0x000000074dd00000, 0x0000000754f80000, 0x00000007c0000000)
  eden space 88576K, 100% used [0x000000074dd00000,0x0000000753380000,0x0000000753380000)
  from space 14336K, 78% used [0x0000000754180000,0x0000000754c81ed0,0x0000000754f80000)
  to   space 14336K, 0% used [0x0000000753380000,0x0000000753380000,0x0000000754180000)
 ParOldGen       total 235008K, used 0K [0x0000000669600000, 0x0000000677b80000, 0x000000074dd00000)
  object space 235008K, 0% used [0x0000000669600000,0x0000000669600000,0x0000000677b80000)
 Metaspace       used 19555K, capacity 20088K, committed 20224K, reserved 1067008K
  class space    used 2343K, capacity 2517K, committed 2560K, reserved 1048576K
Event: 7.652 GC heap after
Heap after GC invocations=3 (full 0):
 PSYoungGen      total 102912K, used 14312K [0x000000074dd00000, 0x000000075a600000, 0x00000007c0000000)
  eden space 88576K, 0% used [0x000000074dd00000,0x000000074dd00000,0x0000000753380000)
  from space 14336K, 99% used [0x0000000753380000,0x000000075417a0d0,0x0000000754180000)
  to   space 14336K, 0% used [0x0000000759800000,0x0000000759800000,0x000000075a600000)
 ParOldGen       total 235008K, used 1752K [0x0000000669600000, 0x0000000677b80000, 0x000000074dd00000)
  object space 235008K, 0% used [0x0000000669600000,0x00000006697b6290,0x0000000677b80000)
 Metaspace       used 19555K, capacity 20088K, committed 20224K, reserved 1067008K
  class space    used 2343K, capacity 2517K, committed 2560K, reserved 1048576K
}
Event: 8.374 GC heap before
{Heap before GC invocations=4 (full 0):
 PSYoungGen      total 102912K, used 54969K [0x000000074dd00000, 0x000000075a600000, 0x00000007c0000000)
  eden space 88576K, 45% used [0x000000074dd00000,0x00000007504b4418,0x0000000753380000)
  from space 14336K, 99% used [0x0000000753380000,0x000000075417a0d0,0x0000000754180000)
  to   space 14336K, 0% used [0x0000000759800000,0x0000000759800000,0x000000075a600000)
 ParOldGen       total 235008K, used 1752K [0x0000000669600000, 0x0000000677b80000, 0x000000074dd00000)
  object space 235008K, 0% used [0x0000000669600000,0x00000006697b6290,0x0000000677b80000)
 Metaspace       used 20462K, capacity 21176K, committed 21296K, reserved 1069056K
  class space    used 2413K, capacity 2639K, committed 2688K, reserved 1048576K
Event: 8.430 GC heap after
Heap after GC invocations=4 (full 0):
 PSYoungGen      total 191488K, used 14304K [0x000000074dd00000, 0x000000075a600000, 0x00000007c0000000)
  eden space 177152K, 0% used [0x000000074dd00000,0x000000074dd00000,0x0000000758a00000)
  from space 14336K, 99% used [0x0000000759800000,0x000000075a5f8020,0x000000075a600000)
  to   space 14336K, 0% used [0x0000000758a00000,0x0000000758a00000,0x0000000759800000)
 ParOldGen       total 235008K, used 2830K [0x0000000669600000, 0x0000000677b80000, 0x000000074dd00000)
  object space 235008K, 1% used [0x0000000669600000,0x00000006698c38d8,0x0000000677b80000)
 Metaspace       used 20462K, capacity 21176K, committed 21296K, reserved 1069056K
  class space    used 2413K, capacity 2639K, committed 2688K, reserved 1048576K
}
Event: 8.430 GC heap before
{Heap before GC invocations=5 (full 1):
 PSYoungGen      total 191488K, used 14304K [0x000000074dd00000, 0x000000075a600000, 0x00000007c0000000)
  eden space 177152K, 0% used [0x000000074dd00000,0x000000074dd00000,0x0000000758a00000)
  from space 14336K, 99% used [0x0000000759800000,0x000000075a5f8020,0x000000075a600000)
  to   space 14336K, 0% used [0x0000000758a00000,0x0000000758a00000,0x0000000759800000)
 ParOldGen       total 235008K, used 2830K [0x0000000669600000, 0x0000000677b80000, 0x000000074dd00000)
  object space 235008K, 1% used [0x0000000669600000,0x00000006698c38d8,0x0000000677b80000)
 Metaspace       used 20462K, capacity 21176K, committed 21296K, reserved 1069056K
  class space    used 2413K, capacity 2639K, committed 2688K, reserved 1048576K
Event: 8.629 GC heap after
Heap after GC invocations=5 (full 1):
 PSYoungGen      total 191488K, used 0K [0x000000074dd00000, 0x000000075a600000, 0x00000007c0000000)
  eden space 177152K, 0% used [0x000000074dd00000,0x000000074dd00000,0x0000000758a00000)
  from space 14336K, 0% used [0x0000000759800000,0x0000000759800000,0x000000075a600000)
  to   space 14336K, 0% used [0x0000000758a00000,0x0000000758a00000,0x0000000759800000)
 ParOldGen       total 144896K, used 15214K [0x0000000669600000, 0x0000000672380000, 0x000000074dd00000)
  object space 144896K, 10% used [0x0000000669600000,0x000000066a4dba48,0x0000000672380000)
 Metaspace       used 20462K, capacity 21176K, committed 21296K, reserved 1069056K
  class space    used 2413K, capacity 2639K, committed 2688K, reserved 1048576K
}

Deoptimization events (10 events):
Event: 10.918 Thread 0x00007f1ccc00a000 Uncommon trap: reason=predicate action=maybe_recompile pc=0x00007f1cbdb356e4 method=java.lang.String.regionMatches(ZILjava/lang/String;II)Z @ 63
Event: 10.945 Thread 0x00007f1ccc00a000 Uncommon trap: reason=unstable_if action=reinterpret pc=0x00007f1cbd3cb2ac method=java.net.URI.match(CJJ)Z @ 45
Event: 11.129 Thread 0x00007f1ccc00a000 Uncommon trap: reason=unstable_if action=reinterpret pc=0x00007f1cbdb2a01c method=java.lang.CharacterData.of(I)Ljava/lang/CharacterData; @ 4
Event: 11.139 Thread 0x00007f1ccc00a000 Uncommon trap: reason=bimorphic action=maybe_recompile pc=0x00007f1cbcef7b78 method=java.util.Hashtable.get(Ljava/lang/Object;)Ljava/lang/Object; @ 45
Event: 11.151 Thread 0x00007f1ccc00a000 Uncommon trap: reason=bimorphic action=maybe_recompile pc=0x00007f1cbcef7b78 method=java.util.Hashtable.get(Ljava/lang/Object;)Ljava/lang/Object; @ 45
Event: 11.244 Thread 0x00007f1ccc00a000 Uncommon trap: reason=unstable_if action=reinterpret pc=0x00007f1cbd3d1c30 method=java.util.concurrent.ConcurrentHashMap.putVal(Ljava/lang/Object;Ljava/lang/Object;Z)Ljava/lang/Object; @ 195
Event: 11.689 Thread 0x00007f1ccc00a000 Uncommon trap: reason=predicate action=maybe_recompile pc=0x00007f1cbd097318 method=sun.net.www.ParseUtil.encodePath(Ljava/lang/String;Z)Ljava/lang/String; @ 36
Event: 11.720 Thread 0x00007f1ccc00a000 Uncommon trap: reason=unstable_if action=reinterpret pc=0x00007f1cbd9dac28 method=java.util.jar.Manifest$FastInputStream.readLine([BII)I @ 87
Event: 12.134 Thread 0x00007f1ccc00a000 Uncommon trap: reason=unstable_if action=reinterpret pc=0x00007f1cbd028f38 method=java.io.File.getName()Ljava/lang/String; @ 16
Event: 12.733 Thread 0x00007f1ccc00a000 Uncommon trap: reason=unstable_if action=reinterpret pc=0x00007f1cbd2d60a4 method=java.util.concurrent.ConcurrentHashMap.replaceNode(Ljava/lang/Object;Ljava/lang/Object;Ljava/lang/Object;)Ljava/lang/Object; @ 47

Classes redefined (0 events):
No events

Internal exceptions (10 events):
Event: 12.718 Thread 0x00007f1ccc00a000 Exception <a 'java/lang/NullPointerException'> (0x000000075554b058) thrown at [/HUDSON/workspace/8-2-build-linux-amd64/jdk8u171/10807/hotspot/src/share/vm/interpreter/linkResolver.cpp, line 1185]
Event: 12.718 Thread 0x00007f1ccc00a000 Exception <a 'java/lang/NullPointerException'> (0x000000075554b458) thrown at [/HUDSON/workspace/8-2-build-linux-amd64/jdk8u171/10807/hotspot/src/share/vm/interpreter/linkResolver.cpp, line 1185]
Event: 12.718 Thread 0x00007f1ccc00a000 Exception <a 'java/lang/NullPointerException'> (0x000000075554b858) thrown at [/HUDSON/workspace/8-2-build-linux-amd64/jdk8u171/10807/hotspot/src/share/vm/interpreter/linkResolver.cpp, line 1185]
Event: 12.718 Thread 0x00007f1ccc00a000 Exception <a 'java/lang/NullPointerException'> (0x000000075554c388) thrown at [/HUDSON/workspace/8-2-build-linux-amd64/jdk8u171/10807/hotspot/src/share/vm/interpreter/linkResolver.cpp, line 1185]
Event: 12.718 Thread 0x00007f1ccc00a000 Exception <a 'java/lang/NullPointerException'> (0x000000075554c788) thrown at [/HUDSON/workspace/8-2-build-linux-amd64/jdk8u171/10807/hotspot/src/share/vm/interpreter/linkResolver.cpp, line 1185]
Event: 12.718 Thread 0x00007f1ccc00a000 Exception <a 'java/lang/NullPointerException'> (0x000000075554cb88) thrown at [/HUDSON/workspace/8-2-build-linux-amd64/jdk8u171/10807/hotspot/src/share/vm/interpreter/linkResolver.cpp, line 1185]
Event: 12.719 Thread 0x00007f1ccc00a000 Exception <a 'java/lang/NullPointerException'> (0x000000075554d608) thrown at [/HUDSON/workspace/8-2-build-linux-amd64/jdk8u171/10807/hotspot/src/share/vm/interpreter/linkResolver.cpp, line 1185]
Event: 12.719 Thread 0x00007f1ccc00a000 Exception <a 'java/lang/NullPointerException'> (0x000000075554da08) thrown at [/HUDSON/workspace/8-2-build-linux-amd64/jdk8u171/10807/hotspot/src/share/vm/interpreter/linkResolver.cpp, line 1185]
Event: 12.719 Thread 0x00007f1ccc00a000 Exception <a 'java/lang/NullPointerException'> (0x000000075554de08) thrown at [/HUDSON/workspace/8-2-build-linux-amd64/jdk8u171/10807/hotspot/src/share/vm/interpreter/linkResolver.cpp, line 1185]
Event: 12.733 Thread 0x00007f1ccc00a000 Implicit null exception at 0x00007f1cbd2d59fe to 0x00007f1cbd2d6075

Events (10 events):
Event: 12.719 loading class org/apache/maven/wagon/providers/http/httpclient/client/methods/HttpHead done
Event: 12.732 loading class org/apache/maven/wagon/providers/http/httpclient/util/EntityUtils
Event: 12.732 loading class org/apache/maven/wagon/providers/http/httpclient/util/EntityUtils done
Event: 12.733 loading class java/nio/charset/UnsupportedCharsetException
Event: 12.733 loading class java/nio/charset/UnsupportedCharsetException done
Event: 12.733 loading class org/apache/maven/wagon/providers/http/httpclient/entity/ContentType
Event: 12.733 loading class org/apache/maven/wagon/providers/http/httpclient/entity/ContentType done
Event: 12.733 Thread 0x00007f1ccc00a000 Uncommon trap: trap_request=0xffffff65 fr.pc=0x00007f1cbd2d60a4
Event: 12.733 Thread 0x00007f1ccc00a000 DEOPT PACKING pc=0x00007f1cbd2d60a4 sp=0x00007f1cd0e77370
Event: 12.733 Thread 0x00007f1ccc00a000 DEOPT UNPACKING pc=0x00007f1cbce2973a sp=0x00007f1cd0e77308 mode 2


Dynamic libraries:

VM Arguments:
jvm_args: -Dclassworlds.conf=/usr/share/maven/bin/m2.conf -Dmaven.home=/usr/share/maven -Dmaven.multiModuleProjectDirectory=/home/rohan/projects/YCSB 
java_command: org.codehaus.plexus.classworlds.launcher.Launcher -pl com.yahoo.ycsb:jdbc-binding -am package -DskipTests dependency:build-classpath -DincludeScope=compile -Dmdep.outputFilterFile=true
java_class_path (initial): /usr/share/maven/boot/plexus-classworlds-2.x.jar
Launcher Type: SUN_STANDARD

Environment Variables:
JAVA_HOME=/usr/lib/jvm/java-8-oracle
PATH=/usr/local/sbin:/usr/local/bin:/usr/sbin:/usr/bin:/sbin:/bin:/snap/bin
USERNAME=root
LD_LIBRARY_PATH=/home/rohan/projects/quill-tpcc/:
LD_PRELOAD=libnvp.so
SHELL=/bin/bash

Signal Handlers:
SIGSEGV: [libjvm.so+0xad0890], sa_mask[0]=11111111011111111101111111111110, sa_flags=SA_RESTART|SA_SIGINFO
SIGBUS: [libjvm.so+0xad0890], sa_mask[0]=11111111011111111101111111111110, sa_flags=SA_RESTART|SA_SIGINFO
SIGFPE: [libjvm.so+0x928640], sa_mask[0]=11111111011111111101111111111110, sa_flags=SA_RESTART|SA_SIGINFO
SIGPIPE: [libjvm.so+0x928640], sa_mask[0]=11111111011111111101111111111110, sa_flags=SA_RESTART|SA_SIGINFO
SIGXFSZ: [libjvm.so+0x928640], sa_mask[0]=11111111011111111101111111111110, sa_flags=SA_RESTART|SA_SIGINFO
SIGILL: [libjvm.so+0x928640], sa_mask[0]=11111111011111111101111111111110, sa_flags=SA_RESTART|SA_SIGINFO
SIGUSR1: [libfileops_nvp.so+0xa040], sa_mask[0]=00000000010000000000000000000000, sa_flags=SA_RESTART
SIGUSR2: [libjvm.so+0x929ea0], sa_mask[0]=00000000000000000000000000000000, sa_flags=SA_RESTART|SA_SIGINFO
SIGHUP: [libjvm.so+0x92b2a0], sa_mask[0]=11111111011111111101111111111110, sa_flags=SA_RESTART|SA_SIGINFO
SIGINT: [libjvm.so+0x92b2a0], sa_mask[0]=11111111011111111101111111111110, sa_flags=SA_RESTART|SA_SIGINFO
SIGTERM: [libjvm.so+0x92b2a0], sa_mask[0]=11111111011111111101111111111110, sa_flags=SA_RESTART|SA_SIGINFO
SIGQUIT: [libjvm.so+0x92b2a0], sa_mask[0]=11111111011111111101111111111110, sa_flags=SA_RESTART|SA_SIGINFO


---------------  S Y S T E M  ---------------

OS:DISTRIB_ID=Ubuntu
DISTRIB_RELEASE=16.04
DISTRIB_CODENAME=xenial
DISTRIB_DESCRIPTION="Ubuntu 16.04.4 LTS"

uname:Linux 4.13.0+ #16 SMP Thu Jan 24 04:49:33 CST 2019 x86_64
libc:glibc 2.23 NPTL 2.23 
rlimit: STACK 8192k, CORE 0k, NPROC 86125, NOFILE 1048576, AS infinity
load average:13.91 13.16 12.08

/proc/meminfo:


CPU:total 4 (initial active 4) (4 cores per cpu, 1 threads per core) family 6 model 94 stepping 3, cmov, cx8, fxsr, mmx, sse, sse2, sse3, ssse3, sse4.1, sse4.2, popcnt, avx, avx2, aes, clmul, erms, rtm, 3dnowpref, lzcnt, tsc, tscinvbit, bmi1, bmi2, adx

/proc/cpuinfo:


Memory: 4k page, physical 22449472k(10918080k free), swap 4999164k(4999164k free)

vm_info: Java HotSpot(TM) 64-Bit Server VM (25.171-b11) for linux-amd64 JRE (1.8.0_171-b11), built on Mar 28 2018 17:07:08 by "java_re" with gcc 4.3.0 20080428 (Red Hat 4.3.0-8)

time: Tue Feb  5 07:44:23 2019
elapsed time: 12 seconds (0d 0h 0m 12s)

