#
# A fatal error has been detected by the Java Runtime Environment:
#
#  SIGSEGV (0xb) at pc=0x00007f8aa68bc00a, pid=11521, tid=0x00007f8aa4d79700
#
# JRE version: Java(TM) SE Runtime Environment (8.0_171-b11) (build 1.8.0_171-b11)
# Java VM: Java HotSpot(TM) 64-Bit Server VM (25.171-b11 mixed mode linux-amd64 compressed oops)
# Problematic frame:
# C  [libc.so.6+0x14e00a]
#
# Core dump written. Default location: /home/rohan/projects/YCSB/core or core.11521
#
# If you would like to submit a bug report, please visit:
#   http://bugreport.java.com/bugreport/crash.jsp
# The crash happened outside the Java Virtual Machine in native code.
# See problematic frame for where to report the bug.
#

---------------  T H R E A D  ---------------

Current thread (0x00007f8aa000a000):  JavaThread "main" [_thread_in_native, id=11547, stack(0x00007f8aa4c79000,0x00007f8aa4d7a000)]

siginfo: si_signo: 11 (SIGSEGV), si_code: 1 (SEGV_MAPERR), si_addr: 0x0000000001001f5a

Registers:
RAX=0x0000000001001f5a, RBX=0x0000000001001f5a, RCX=0x0000000000000190, RDX=0x0000000000000018
RSP=0x00007f8aa4d741a8, RBP=0x0000000000000090, RSI=0x00007f8aa4d74477, RDI=0x0000000001001f5a
R8 =0x00000000ffffffff, R9 =0xfffffffffffffff8, R10=0x00000000ffffffff, R11=0x0000000003611328
R12=0x0000000000000018, R13=0x0000000000000001, R14=0x0000000000000000, R15=0x00007f8aa74dc9d8
RIP=0x00007f8aa68bc00a, EFLAGS=0x0000000000010283, CSGSFS=0x002b000000000033, ERR=0x0000000000000006
  TRAPNO=0x000000000000000e

Top of Stack: (sp=0x00007f8aa4d741a8)
0x00007f8aa4d741a8:   00007f8aa635749c 00007f8aa4d74558
0x00007f8aa4d741b8:   0000000000000000 0000000000000000
0x00007f8aa4d741c8:   00007f8aa4d74477 0000000000000000
0x00007f8aa4d741d8:   00007f8aa4d741f0 00007f8aa4d742b0
0x00007f8aa4d741e8:   00007f8aa4d742b8 0000000000000018
0x00007f8aa4d741f8:   02dd85443d50a200 00007f8aa4d74240
0x00007f8aa4d74208:   0000000000000018 00000000000000b7
0x00007f8aa4d74218:   00007f8aa4d74477 00000000000000b7
0x00007f8aa4d74228:   00000000000000b7 00007f8aa74dc9d8
0x00007f8aa4d74238:   00007f8aa6357753 00007f8aa74dc9d8
0x00007f8aa4d74248:   00007f8aa63576af 0000000744eb4a60
0x00007f8aa4d74258:   00000000000000cf 0000000044310098
0x00007f8aa4d74268:   000000b300000001 0000000000000000
0x00007f8aa4d74278:   00007f8aa4d742b8 00007f8aa4d742b0
0x00007f8aa4d74288:   00007f8aa4d742c0 000000007c5658b0
0x00007f8aa4d74298:   00000007553a32a0 000000007c565830
0x00007f8aa4d742a8:   00007f8a7c565850 00007f8a7c565830
0x00007f8aa4d742b8:   00007f8a44eb4a40 0000000000000000
0x00007f8aa4d742c8:   02dd85443d50a200 00007f8aa4d74340
0x00007f8aa4d742d8:   00007f8aa74dc9d8 00007f8aa74dca58
0x00007f8aa4d742e8:   0000000000000090 00007f8aa4d743c0
0x00007f8aa4d742f8:   00000000000000b3 0000000000000000
0x00007f8aa4d74308:   00007f8aa635b028 00007f8aa74dc9d8
0x00007f8aa4d74318:   00007f8aa635af73 00007f8aa4d74330
0x00007f8aa4d74328:   00000000000000cf 000000b3a000a000
0x00007f8aa4d74338:   00007f8aa4d743c0 00007f8aa000a000
0x00007f8aa4d74348:   0000000000000032 00007f8aa4d74390
0x00007f8aa4d74358:   00000000000000cf 00007f8aa4d743c0
0x00007f8aa4d74368:   00007f8aa4856676 0000000000000032
0x00007f8aa4d74378:   00007f8a90c3bb20 00007f8aa000a1f8
0x00007f8aa4d74388:   00000000000000cf 00007f8aa4d763f0
0x00007f8aa4d74398:   00007f8aa4855ffe 00007f8a7c565810 

Instructions: (pc=0x00007f8aa68bc00a)
0x00007f8aa68bbfea:   c5 fa 7f 07 c5 fa 7f 4f 10 c5 fa 7f 74 17 e0 c5
0x00007f8aa68bbffa:   fa 7f 7c 17 f0 c3 c5 fa 6f 06 c5 fa 6f 7c 16 f0
0x00007f8aa68bc00a:   c5 fa 7f 07 c5 fa 7f 7c 17 f0 c3 90 66 2e 0f 1f
0x00007f8aa68bc01a:   84 00 00 00 00 00 80 fa 08 72 1b 48 8b 4c 16 f8 

Register to memory mapping:

RAX=0x0000000001001f5a is an unknown value
RBX=0x0000000001001f5a is an unknown value
RCX=0x0000000000000190 is an unknown value
RDX=0x0000000000000018 is an unknown value
RSP=0x00007f8aa4d741a8 is pointing into the stack for thread: 0x00007f8aa000a000
RBP=0x0000000000000090 is an unknown value
RSI=0x00007f8aa4d74477 is pointing into the stack for thread: 0x00007f8aa000a000
RDI=0x0000000001001f5a is an unknown value
R8 =0x00000000ffffffff is an unknown value
R9 =0xfffffffffffffff8 is an unknown value
R10=0x00000000ffffffff is an unknown value
R11=0x0000000003611328 is an unknown value
R12=0x0000000000000018 is an unknown value
R13=0x0000000000000001 is an unknown value
R14=0x0000000000000000 is an unknown value
R15=0x00007f8aa74dc9d8 is an unknown value


Stack: [0x00007f8aa4c79000,0x00007f8aa4d7a000],  sp=0x00007f8aa4d741a8,  free space=1004k
Native frames: (J=compiled Java code, j=interpreted, Vv=VM code, C=native code)
C  [libc.so.6+0x14e00a]

Java frames: (J=compiled Java code, j=interpreted, Vv=VM code)
J 4141  java.io.RandomAccessFile.writeBytes([BII)V (0 bytes) @ 0x00007f8a91a22b8c [0x00007f8a91a22b40+0x4c]
j  java.io.RandomAccessFile.write([B)V+5
j  org.eclipse.aether.internal.impl.TrackingFileManager.update(Ljava/io/File;Ljava/util/Map;)Ljava/util/Properties;+301
j  org.eclipse.aether.internal.impl.EnhancedLocalRepositoryManager.addRepo(Ljava/io/File;Ljava/util/Collection;)V+71
j  org.eclipse.aether.internal.impl.EnhancedLocalRepositoryManager.addArtifact(Lorg/eclipse/aether/artifact/Artifact;Ljava/util/Collection;Z)V+44
j  org.eclipse.aether.internal.impl.EnhancedLocalRepositoryManager.add(Lorg/eclipse/aether/RepositorySystemSession;Lorg/eclipse/aether/repository/LocalArtifactRegistration;)V+47
j  org.eclipse.aether.internal.impl.DefaultArtifactResolver.evaluateDownloads(Lorg/eclipse/aether/RepositorySystemSession;Lorg/eclipse/aether/internal/impl/DefaultArtifactResolver$ResolutionGroup;)V+144
j  org.eclipse.aether.internal.impl.DefaultArtifactResolver.performDownloads(Lorg/eclipse/aether/RepositorySystemSession;Lorg/eclipse/aether/internal/impl/DefaultArtifactResolver$ResolutionGroup;)V+181
J 4283 C1 org.eclipse.aether.internal.impl.DefaultArtifactResolver.resolve(Lorg/eclipse/aether/RepositorySystemSession;Ljava/util/Collection;)Ljava/util/List; (1078 bytes) @ 0x00007f8a91aa95c4 [0x00007f8a91aa2360+0x7264]
J 3554 C1 org.eclipse.aether.internal.impl.DefaultArtifactResolver.resolveArtifacts(Lorg/eclipse/aether/RepositorySystemSession;Ljava/util/Collection;)Ljava/util/List; (129 bytes) @ 0x00007f8a917ba70c [0x00007f8a917b9920+0xdec]
J 4297 C1 org.apache.maven.repository.internal.DefaultArtifactDescriptorReader.loadPom(Lorg/eclipse/aether/RepositorySystemSession;Lorg/eclipse/aether/resolution/ArtifactDescriptorRequest;Lorg/eclipse/aether/resolution/ArtifactDescriptorResult;)Lorg/apache/maven/model/Model; (818 bytes) @ 0x00007f8a91abdc9c [0x00007f8a91abb160+0x2b3c]
j  org.apache.maven.repository.internal.DefaultArtifactDescriptorReader.readArtifactDescriptor(Lorg/eclipse/aether/RepositorySystemSession;Lorg/eclipse/aether/resolution/ArtifactDescriptorRequest;)Lorg/eclipse/aether/resolution/ArtifactDescriptorResult;+13
J 3761 C1 org.eclipse.aether.internal.impl.DefaultDependencyCollector.resolveCachedArtifactDescriptor(Lorg/eclipse/aether/internal/impl/DataPool;Lorg/eclipse/aether/resolution/ArtifactDescriptorRequest;Lorg/eclipse/aether/RepositorySystemSession;Lorg/eclipse/aether/graph/Dependency;Lorg/eclipse/aether/internal/impl/DefaultDependencyCollector$Results;Lorg/eclipse/aether/internal/impl/DefaultDependencyCollector$Args;)Lorg/eclipse/aether/resolution/ArtifactDescriptorResult; (84 bytes) @ 0x00007f8a918aee1c [0x00007f8a918ae840+0x5dc]
J 3121 C1 org.eclipse.aether.internal.impl.DefaultDependencyCollector.processDependency(Lorg/eclipse/aether/internal/impl/DefaultDependencyCollector$Args;Lorg/eclipse/aether/internal/impl/DefaultDependencyCollector$Results;Ljava/util/List;Lorg/eclipse/aether/collection/DependencySelector;Lorg/eclipse/aether/collection/DependencyManager;Lorg/eclipse/aether/collection/DependencyTraverser;Lorg/eclipse/aether/collection/VersionFilter;Lorg/eclipse/aether/graph/Dependency;Ljava/util/List;Z)V (628 bytes) @ 0x00007f8a9161befc [0x00007f8a9161ac40+0x12bc]
J 4303 C1 org.eclipse.aether.internal.impl.DefaultDependencyCollector.process(Lorg/eclipse/aether/internal/impl/DefaultDependencyCollector$Args;Lorg/eclipse/aether/internal/impl/DefaultDependencyCollector$Results;Ljava/util/List;Ljava/util/List;Lorg/eclipse/aether/collection/DependencySelector;Lorg/eclipse/aether/collection/DependencyManager;Lorg/eclipse/aether/collection/DependencyTraverser;Lorg/eclipse/aether/collection/VersionFilter;)V (52 bytes) @ 0x00007f8a91acf58c [0x00007f8a91acf1a0+0x3ec]
j  org.eclipse.aether.internal.impl.DefaultDependencyCollector.collectDependencies(Lorg/eclipse/aether/RepositorySystemSession;Lorg/eclipse/aether/collection/CollectRequest;)Lorg/eclipse/aether/collection/CollectResult;+735
j  org.eclipse.aether.internal.impl.DefaultRepositorySystem.collectDependencies(Lorg/eclipse/aether/RepositorySystemSession;Lorg/eclipse/aether/collection/CollectRequest;)Lorg/eclipse/aether/collection/CollectResult;+11
j  org.apache.maven.project.DefaultProjectDependenciesResolver.resolve(Lorg/apache/maven/project/DependencyResolutionRequest;)Lorg/apache/maven/project/DependencyResolutionResult;+678
j  org.apache.maven.lifecycle.internal.LifecycleDependencyResolver.getDependencies(Lorg/apache/maven/project/MavenProject;Ljava/util/Collection;Ljava/util/Collection;Lorg/apache/maven/execution/MavenSession;ZLjava/util/Set;)Ljava/util/Set;+152
j  org.apache.maven.lifecycle.internal.LifecycleDependencyResolver.resolveProjectDependencies(Lorg/apache/maven/project/MavenProject;Ljava/util/Collection;Ljava/util/Collection;Lorg/apache/maven/execution/MavenSession;ZLjava/util/Set;)V+80
j  org.apache.maven.lifecycle.internal.MojoExecutor.ensureDependenciesAreResolved(Lorg/apache/maven/plugin/descriptor/MojoDescriptor;Lorg/apache/maven/execution/MavenSession;Lorg/apache/maven/lifecycle/internal/DependencyContext;)V+47
j  org.apache.maven.lifecycle.internal.MojoExecutor.execute(Lorg/apache/maven/execution/MavenSession;Lorg/apache/maven/plugin/MojoExecution;Lorg/apache/maven/lifecycle/internal/ProjectIndex;Lorg/apache/maven/lifecycle/internal/DependencyContext;)V+197
j  org.apache.maven.lifecycle.internal.MojoExecutor.execute(Lorg/apache/maven/execution/MavenSession;Lorg/apache/maven/plugin/MojoExecution;Lorg/apache/maven/lifecycle/internal/ProjectIndex;Lorg/apache/maven/lifecycle/internal/DependencyContext;Lorg/apache/maven/lifecycle/internal/PhaseRecorder;)V+6
j  org.apache.maven.lifecycle.internal.MojoExecutor.execute(Lorg/apache/maven/execution/MavenSession;Ljava/util/List;Lorg/apache/maven/lifecycle/internal/ProjectIndex;)V+60
j  org.apache.maven.lifecycle.internal.LifecycleModuleBuilder.buildProject(Lorg/apache/maven/execution/MavenSession;Lorg/apache/maven/execution/MavenSession;Lorg/apache/maven/lifecycle/internal/ReactorContext;Lorg/apache/maven/project/MavenProject;Lorg/apache/maven/lifecycle/internal/TaskSegment;)V+180
j  org.apache.maven.lifecycle.internal.LifecycleModuleBuilder.buildProject(Lorg/apache/maven/execution/MavenSession;Lorg/apache/maven/lifecycle/internal/ReactorContext;Lorg/apache/maven/project/MavenProject;Lorg/apache/maven/lifecycle/internal/TaskSegment;)V+7
j  org.apache.maven.lifecycle.internal.builder.singlethreaded.SingleThreadedBuilder.build(Lorg/apache/maven/execution/MavenSession;Lorg/apache/maven/lifecycle/internal/ReactorContext;Lorg/apache/maven/lifecycle/internal/ProjectBuildList;Ljava/util/List;Lorg/apache/maven/lifecycle/internal/ReactorBuildStatus;)V+77
j  org.apache.maven.lifecycle.internal.LifecycleStarter.execute(Lorg/apache/maven/execution/MavenSession;)V+353
j  org.apache.maven.DefaultMaven.doExecute(Lorg/apache/maven/execution/MavenExecutionRequest;Lorg/apache/maven/execution/MavenSession;Lorg/apache/maven/execution/MavenExecutionResult;Lorg/eclipse/aether/DefaultRepositorySystemSession;)Lorg/apache/maven/execution/MavenExecutionResult;+414
j  org.apache.maven.DefaultMaven.doExecute(Lorg/apache/maven/execution/MavenExecutionRequest;)Lorg/apache/maven/execution/MavenExecutionResult;+99
j  org.apache.maven.DefaultMaven.execute(Lorg/apache/maven/execution/MavenExecutionRequest;)Lorg/apache/maven/execution/MavenExecutionResult;+2
j  org.apache.maven.cli.MavenCli.execute(Lorg/apache/maven/cli/CliRequest;)I+27
j  org.apache.maven.cli.MavenCli.doMain(Lorg/apache/maven/cli/CliRequest;)I+66
j  org.apache.maven.cli.MavenCli.main([Ljava/lang/String;Lorg/codehaus/plexus/classworlds/ClassWorld;)I+18
v  ~StubRoutines::call_stub
j  sun.reflect.NativeMethodAccessorImpl.invoke0(Ljava/lang/reflect/Method;Ljava/lang/Object;[Ljava/lang/Object;)Ljava/lang/Object;+0
j  sun.reflect.NativeMethodAccessorImpl.invoke(Ljava/lang/Object;[Ljava/lang/Object;)Ljava/lang/Object;+100
j  sun.reflect.DelegatingMethodAccessorImpl.invoke(Ljava/lang/Object;[Ljava/lang/Object;)Ljava/lang/Object;+6
j  java.lang.reflect.Method.invoke(Ljava/lang/Object;[Ljava/lang/Object;)Ljava/lang/Object;+56
j  org.codehaus.plexus.classworlds.launcher.Launcher.launchEnhanced([Ljava/lang/String;)V+45
j  org.codehaus.plexus.classworlds.launcher.Launcher.launch([Ljava/lang/String;)V+2
j  org.codehaus.plexus.classworlds.launcher.Launcher.mainWithExitCode([Ljava/lang/String;)I+101
j  org.codehaus.plexus.classworlds.launcher.Launcher.main([Ljava/lang/String;)V+1
v  ~StubRoutines::call_stub

---------------  P R O C E S S  ---------------

Java Threads: ( => current thread )
  0x00007f8aa00c9800 JavaThread "Service Thread" daemon [_thread_blocked, id=11559, stack(0x00007f8a7cc37000,0x00007f8a7cd38000)]
  0x00007f8aa00be800 JavaThread "C1 CompilerThread2" daemon [_thread_blocked, id=11558, stack(0x00007f8a7cd38000,0x00007f8a7ce39000)]
  0x00007f8aa00bc800 JavaThread "C2 CompilerThread1" daemon [_thread_blocked, id=11557, stack(0x00007f8a7ce39000,0x00007f8a7cf3a000)]
  0x00007f8aa00b9800 JavaThread "C2 CompilerThread0" daemon [_thread_blocked, id=11556, stack(0x00007f8a7cf3a000,0x00007f8a7d03b000)]
  0x00007f8aa00b8000 JavaThread "Signal Dispatcher" daemon [_thread_blocked, id=11555, stack(0x00007f8a7d03b000,0x00007f8a7d13c000)]
  0x00007f8aa0084800 JavaThread "Finalizer" daemon [_thread_blocked, id=11554, stack(0x00007f8a7dafb000,0x00007f8a7dbfc000)]
  0x00007f8aa0080000 JavaThread "Reference Handler" daemon [_thread_blocked, id=11553, stack(0x00007f8a7fbfc000,0x00007f8a7fcfd000)]
=>0x00007f8aa000a000 JavaThread "main" [_thread_in_native, id=11547, stack(0x00007f8aa4c79000,0x00007f8aa4d7a000)]

Other Threads:
  0x00007f8aa0078800 VMThread [stack: 0x00007f8a7fcfd000,0x00007f8a7fdfe000] [id=11552]
  0x00007f8aa00ce000 WatcherThread [stack: 0x00007f8a7cb36000,0x00007f8a7cc37000] [id=11560]

VM state:not at safepoint (normal execution)

VM Mutex/Monitor currently owned by a thread: None

Heap:
 PSYoungGen      total 191488K, used 123043K [0x000000074dd00000, 0x000000075a600000, 0x00000007c0000000)
  eden space 177152K, 69% used [0x000000074dd00000,0x0000000755528df0,0x0000000758a00000)
  from space 14336K, 0% used [0x0000000759800000,0x0000000759800000,0x000000075a600000)
  to   space 14336K, 0% used [0x0000000758a00000,0x0000000758a00000,0x0000000759800000)
 ParOldGen       total 143872K, used 14984K [0x0000000669600000, 0x0000000672280000, 0x000000074dd00000)
  object space 143872K, 10% used [0x0000000669600000,0x000000066a4a22c8,0x0000000672280000)
 Metaspace       used 29029K, capacity 29978K, committed 30208K, reserved 1075200K
  class space    used 3514K, capacity 3799K, committed 3840K, reserved 1048576K

Card table byte_map: [0x00007f8a8fd5c000,0x00007f8a90812000] byte_map_base: 0x00007f8a8ca11000

Marking Bits: (ParMarkBitMap*) 0x00007f8aa6053280
 Begin Bits: [0x00007f8a6d4b0000, 0x00007f8a72a58000)
 End Bits:   [0x00007f8a72a58000, 0x00007f8a78000000)

Polling page: 0x00007f8aa75a2000

CodeCache: size=245760Kb used=15550Kb max_used=15642Kb free=230209Kb
 bounds [0x00007f8a90bd2000, 0x00007f8a91b32000, 0x00007f8a9fbd2000]
 total_blobs=5003 nmethods=4590 adapters=326
 compilation: enabled

Compilation events (10 events):
Event: 3.974 Thread 0x00007f8aa00be800 5025       3       sun.security.util.ManifestEntryVerifier::verify (312 bytes)
Event: 3.975 Thread 0x00007f8aa00be800 nmethod 5025 0x00007f8a911b8010 code [0x00007f8a911b83c0, 0x00007f8a911ba628]
Event: 3.983 Thread 0x00007f8aa00be800 5026       3       java.util.regex.Pattern::compile (10 bytes)
Event: 3.983 Thread 0x00007f8aa00be800 nmethod 5026 0x00007f8a90fd6410 code [0x00007f8a90fd6580, 0x00007f8a90fd6768]
Event: 3.983 Thread 0x00007f8aa00be800 5027   !   3       sun.misc.URLClassPath$JarLoader::getResource (85 bytes)
Event: 3.983 Thread 0x00007f8aa00be800 nmethod 5027 0x00007f8a911b6dd0 code [0x00007f8a911b7000, 0x00007f8a911b7a98]
Event: 3.985 Thread 0x00007f8aa00be800 5028       3       java.util.logging.Logger::isLoggable (25 bytes)
Event: 3.985 Thread 0x00007f8aa00be800 nmethod 5028 0x00007f8a911b6910 code [0x00007f8a911b6a80, 0x00007f8a911b6d10]
Event: 3.996 Thread 0x00007f8aa00be800 5029       3       org.apache.maven.wagon.providers.http.httpclient.util.Args::notNull (33 bytes)
Event: 3.996 Thread 0x00007f8aa00be800 nmethod 5029 0x00007f8a911b5b90 code [0x00007f8a911b5d80, 0x00007f8a911b6578]

GC Heap History (10 events):
Event: 0.986 GC heap before
{Heap before GC invocations=1 (full 0):
 PSYoungGen      total 102912K, used 88576K [0x000000074dd00000, 0x0000000754f80000, 0x00000007c0000000)
  eden space 88576K, 100% used [0x000000074dd00000,0x0000000753380000,0x0000000753380000)
  from space 14336K, 0% used [0x0000000754180000,0x0000000754180000,0x0000000754f80000)
  to   space 14336K, 0% used [0x0000000753380000,0x0000000753380000,0x0000000754180000)
 ParOldGen       total 235008K, used 0K [0x0000000669600000, 0x0000000677b80000, 0x000000074dd00000)
  object space 235008K, 0% used [0x0000000669600000,0x0000000669600000,0x0000000677b80000)
 Metaspace       used 14008K, capacity 14214K, committed 14464K, reserved 1062912K
  class space    used 1753K, capacity 1833K, committed 1920K, reserved 1048576K
Event: 0.996 GC heap after
Heap after GC invocations=1 (full 0):
 PSYoungGen      total 102912K, used 11929K [0x000000074dd00000, 0x0000000754f80000, 0x00000007c0000000)
  eden space 88576K, 0% used [0x000000074dd00000,0x000000074dd00000,0x0000000753380000)
  from space 14336K, 83% used [0x0000000753380000,0x0000000753f26478,0x0000000754180000)
  to   space 14336K, 0% used [0x0000000754180000,0x0000000754180000,0x0000000754f80000)
 ParOldGen       total 235008K, used 8K [0x0000000669600000, 0x0000000677b80000, 0x000000074dd00000)
  object space 235008K, 0% used [0x0000000669600000,0x0000000669602000,0x0000000677b80000)
 Metaspace       used 14008K, capacity 14214K, committed 14464K, reserved 1062912K
  class space    used 1753K, capacity 1833K, committed 1920K, reserved 1048576K
}
Event: 1.787 GC heap before
{Heap before GC invocations=2 (full 0):
 PSYoungGen      total 102912K, used 100505K [0x000000074dd00000, 0x0000000754f80000, 0x00000007c0000000)
  eden space 88576K, 100% used [0x000000074dd00000,0x0000000753380000,0x0000000753380000)
  from space 14336K, 83% used [0x0000000753380000,0x0000000753f26478,0x0000000754180000)
  to   space 14336K, 0% used [0x0000000754180000,0x0000000754180000,0x0000000754f80000)
 ParOldGen       total 235008K, used 8K [0x0000000669600000, 0x0000000677b80000, 0x000000074dd00000)
  object space 235008K, 0% used [0x0000000669600000,0x0000000669602000,0x0000000677b80000)
 Metaspace       used 16789K, capacity 17008K, committed 17280K, reserved 1064960K
  class space    used 1990K, capacity 2070K, committed 2176K, reserved 1048576K
Event: 1.801 GC heap after
Heap after GC invocations=2 (full 0):
 PSYoungGen      total 102912K, used 11201K [0x000000074dd00000, 0x000000075a600000, 0x00000007c0000000)
  eden space 88576K, 0% used [0x000000074dd00000,0x000000074dd00000,0x0000000753380000)
  from space 14336K, 78% used [0x0000000754180000,0x0000000754c707c8,0x0000000754f80000)
  to   space 14336K, 0% used [0x0000000753380000,0x0000000753380000,0x0000000754180000)
 ParOldGen       total 235008K, used 24K [0x0000000669600000, 0x0000000677b80000, 0x000000074dd00000)
  object space 235008K, 0% used [0x0000000669600000,0x0000000669606000,0x0000000677b80000)
 Metaspace       used 16789K, capacity 17008K, committed 17280K, reserved 1064960K
  class space    used 1990K, capacity 2070K, committed 2176K, reserved 1048576K
}
Event: 2.493 GC heap before
{Heap before GC invocations=3 (full 0):
 PSYoungGen      total 102912K, used 99777K [0x000000074dd00000, 0x000000075a600000, 0x00000007c0000000)
  eden space 88576K, 100% used [0x000000074dd00000,0x0000000753380000,0x0000000753380000)
  from space 14336K, 78% used [0x0000000754180000,0x0000000754c707c8,0x0000000754f80000)
  to   space 14336K, 0% used [0x0000000753380000,0x0000000753380000,0x0000000754180000)
 ParOldGen       total 235008K, used 24K [0x0000000669600000, 0x0000000677b80000, 0x000000074dd00000)
  object space 235008K, 0% used [0x0000000669600000,0x0000000669606000,0x0000000677b80000)
 Metaspace       used 19611K, capacity 20152K, committed 20224K, reserved 1067008K
  class space    used 2344K, capacity 2517K, committed 2560K, reserved 1048576K
Event: 2.507 GC heap after
Heap after GC invocations=3 (full 0):
 PSYoungGen      total 102912K, used 14323K [0x000000074dd00000, 0x000000075a600000, 0x00000007c0000000)
  eden space 88576K, 0% used [0x000000074dd00000,0x000000074dd00000,0x0000000753380000)
  from space 14336K, 99% used [0x0000000753380000,0x000000075417ce10,0x0000000754180000)
  to   space 14336K, 0% used [0x0000000759800000,0x0000000759800000,0x000000075a600000)
 ParOldGen       total 235008K, used 1657K [0x0000000669600000, 0x0000000677b80000, 0x000000074dd00000)
  object space 235008K, 0% used [0x0000000669600000,0x000000066979e7d0,0x0000000677b80000)
 Metaspace       used 19611K, capacity 20152K, committed 20224K, reserved 1067008K
  class space    used 2344K, capacity 2517K, committed 2560K, reserved 1048576K
}
Event: 2.804 GC heap before
{Heap before GC invocations=4 (full 0):
 PSYoungGen      total 102912K, used 54930K [0x000000074dd00000, 0x000000075a600000, 0x00000007c0000000)
  eden space 88576K, 45% used [0x000000074dd00000,0x00000007504a7b28,0x0000000753380000)
  from space 14336K, 99% used [0x0000000753380000,0x000000075417ce10,0x0000000754180000)
  to   space 14336K, 0% used [0x0000000759800000,0x0000000759800000,0x000000075a600000)
 ParOldGen       total 235008K, used 1657K [0x0000000669600000, 0x0000000677b80000, 0x000000074dd00000)
  object space 235008K, 0% used [0x0000000669600000,0x000000066979e7d0,0x0000000677b80000)
 Metaspace       used 20485K, capacity 21138K, committed 21296K, reserved 1069056K
  class space    used 2405K, capacity 2601K, committed 2688K, reserved 1048576K
Event: 2.821 GC heap after
Heap after GC invocations=4 (full 0):
 PSYoungGen      total 191488K, used 14320K [0x000000074dd00000, 0x000000075a600000, 0x00000007c0000000)
  eden space 177152K, 0% used [0x000000074dd00000,0x000000074dd00000,0x0000000758a00000)
  from space 14336K, 99% used [0x0000000759800000,0x000000075a5fc050,0x000000075a600000)
  to   space 14336K, 0% used [0x0000000758a00000,0x0000000758a00000,0x0000000759800000)
 ParOldGen       total 235008K, used 2394K [0x0000000669600000, 0x0000000677b80000, 0x000000074dd00000)
  object space 235008K, 1% used [0x0000000669600000,0x0000000669856a60,0x0000000677b80000)
 Metaspace       used 20485K, capacity 21138K, committed 21296K, reserved 1069056K
  class space    used 2405K, capacity 2601K, committed 2688K, reserved 1048576K
}
Event: 2.821 GC heap before
{Heap before GC invocations=5 (full 1):
 PSYoungGen      total 191488K, used 14320K [0x000000074dd00000, 0x000000075a600000, 0x00000007c0000000)
  eden space 177152K, 0% used [0x000000074dd00000,0x000000074dd00000,0x0000000758a00000)
  from space 14336K, 99% used [0x0000000759800000,0x000000075a5fc050,0x000000075a600000)
  to   space 14336K, 0% used [0x0000000758a00000,0x0000000758a00000,0x0000000759800000)
 ParOldGen       total 235008K, used 2394K [0x0000000669600000, 0x0000000677b80000, 0x000000074dd00000)
  object space 235008K, 1% used [0x0000000669600000,0x0000000669856a60,0x0000000677b80000)
 Metaspace       used 20485K, capacity 21138K, committed 21296K, reserved 1069056K
  class space    used 2405K, capacity 2601K, committed 2688K, reserved 1048576K
Event: 2.870 GC heap after
Heap after GC invocations=5 (full 1):
 PSYoungGen      total 191488K, used 0K [0x000000074dd00000, 0x000000075a600000, 0x00000007c0000000)
  eden space 177152K, 0% used [0x000000074dd00000,0x000000074dd00000,0x0000000758a00000)
  from space 14336K, 0% used [0x0000000759800000,0x0000000759800000,0x000000075a600000)
  to   space 14336K, 0% used [0x0000000758a00000,0x0000000758a00000,0x0000000759800000)
 ParOldGen       total 143872K, used 14984K [0x0000000669600000, 0x0000000672280000, 0x000000074dd00000)
  object space 143872K, 10% used [0x0000000669600000,0x000000066a4a22c8,0x0000000672280000)
 Metaspace       used 20485K, capacity 21138K, committed 21296K, reserved 1069056K
  class space    used 2405K, capacity 2601K, committed 2688K, reserved 1048576K
}

Deoptimization events (10 events):
Event: 3.837 Thread 0x00007f8aa000a000 Uncommon trap: reason=predicate action=maybe_recompile pc=0x00007f8a90e9c798 method=sun.net.www.ParseUtil.encodePath(Ljava/lang/String;Z)Ljava/lang/String; @ 36
Event: 3.860 Thread 0x00007f8aa000a000 Uncommon trap: reason=unstable_if action=reinterpret pc=0x00007f8a916d8038 method=java.util.jar.Manifest$FastInputStream.readLine([BII)I @ 87
Event: 3.921 Thread 0x00007f8aa000a000 Uncommon trap: reason=class_check action=maybe_recompile pc=0x00007f8a91335d98 method=java.lang.Character.toUpperCaseEx(I)I @ 26
Event: 3.921 Thread 0x00007f8aa000a000 Uncommon trap: reason=class_check action=maybe_recompile pc=0x00007f8a91336e0c method=java.lang.Character.toUpperCaseEx(I)I @ 26
Event: 3.921 Thread 0x00007f8aa000a000 Uncommon trap: reason=class_check action=maybe_recompile pc=0x00007f8a91336e0c method=java.lang.Character.toUpperCaseEx(I)I @ 26
Event: 3.921 Thread 0x00007f8aa000a000 Uncommon trap: reason=class_check action=maybe_recompile pc=0x00007f8a91336e0c method=java.lang.Character.toUpperCaseEx(I)I @ 26
Event: 3.921 Thread 0x00007f8aa000a000 Uncommon trap: reason=class_check action=maybe_recompile pc=0x00007f8a90ea0544 method=java.util.Hashtable.put(Ljava/lang/Object;Ljava/lang/Object;)Ljava/lang/Object; @ 60
Event: 3.921 Thread 0x00007f8aa000a000 Uncommon trap: reason=class_check action=maybe_recompile pc=0x00007f8a90ea0544 method=java.util.Hashtable.put(Ljava/lang/Object;Ljava/lang/Object;)Ljava/lang/Object; @ 60
Event: 3.922 Thread 0x00007f8aa000a000 Uncommon trap: reason=class_check action=maybe_recompile pc=0x00007f8a91335d98 method=java.lang.Character.toUpperCaseEx(I)I @ 26
Event: 4.000 Thread 0x00007f8aa000a000 Uncommon trap: reason=unstable_if action=reinterpret pc=0x00007f8a91ad5bf0 method=java.util.concurrent.ConcurrentHashMap.replaceNode(Ljava/lang/Object;Ljava/lang/Object;Ljava/lang/Object;)Ljava/lang/Object; @ 17

Classes redefined (0 events):
No events

Internal exceptions (10 events):
Event: 3.454 Thread 0x00007f8aa000a000 Exception <a 'java/lang/NullPointerException'> (0x00000007532bf4b0) thrown at [/HUDSON/workspace/8-2-build-linux-amd64/jdk8u171/10807/hotspot/src/share/vm/interpreter/linkResolver.cpp, line 1185]
Event: 3.454 Thread 0x00007f8aa000a000 Exception <a 'java/lang/NullPointerException'> (0x00000007532bf8b0) thrown at [/HUDSON/workspace/8-2-build-linux-amd64/jdk8u171/10807/hotspot/src/share/vm/interpreter/linkResolver.cpp, line 1185]
Event: 3.454 Thread 0x00007f8aa000a000 Exception <a 'java/lang/NullPointerException'> (0x00000007532bfcb0) thrown at [/HUDSON/workspace/8-2-build-linux-amd64/jdk8u171/10807/hotspot/src/share/vm/interpreter/linkResolver.cpp, line 1185]
Event: 3.459 Thread 0x00007f8aa000a000 Exception <a 'java/lang/NullPointerException'> (0x0000000753336ec0) thrown at [/HUDSON/workspace/8-2-build-linux-amd64/jdk8u171/10807/hotspot/src/share/vm/interpreter/linkResolver.cpp, line 1185]
Event: 3.459 Thread 0x00007f8aa000a000 Exception <a 'java/lang/NullPointerException'> (0x00000007533372c0) thrown at [/HUDSON/workspace/8-2-build-linux-amd64/jdk8u171/10807/hotspot/src/share/vm/interpreter/linkResolver.cpp, line 1185]
Event: 3.459 Thread 0x00007f8aa000a000 Exception <a 'java/lang/NullPointerException'> (0x00000007533376c0) thrown at [/HUDSON/workspace/8-2-build-linux-amd64/jdk8u171/10807/hotspot/src/share/vm/interpreter/linkResolver.cpp, line 1185]
Event: 3.478 Thread 0x00007f8aa000a000 Exception <a 'java/lang/NoClassDefFoundError': org/apache/log4j/Priority> (0x0000000753548850) thrown at [/HUDSON/workspace/8-2-build-linux-amd64/jdk8u171/10807/hotspot/src/share/vm/classfile/systemDictionary.cpp, line 199]
Event: 3.621 Thread 0x00007f8aa000a000 Exception <a 'java/lang/NoSuchFieldError': method resolution failed> (0x00000007538990d8) thrown at [/HUDSON/workspace/8-2-build-linux-amd64/jdk8u171/10807/hotspot/src/share/vm/prims/methodHandles.cpp, line 1167]
Event: 3.622 Thread 0x00007f8aa000a000 Exception <a 'java/lang/NoSuchFieldError': method resolution failed> (0x00000007538a7308) thrown at [/HUDSON/workspace/8-2-build-linux-amd64/jdk8u171/10807/hotspot/src/share/vm/prims/methodHandles.cpp, line 1167]
Event: 4.000 Thread 0x00007f8aa000a000 Implicit null exception at 0x00007f8a91ad5552 to 0x00007f8a91ad5bc9

Events (10 events):
Event: 4.002 loading class sun/util/locale/provider/TimeZoneNameProviderImpl
Event: 4.002 loading class sun/util/locale/provider/TimeZoneNameProviderImpl done
Event: 4.002 loading class sun/util/locale/provider/TimeZoneNameUtility$TimeZoneNameGetter
Event: 4.002 loading class sun/util/locale/provider/TimeZoneNameUtility$TimeZoneNameGetter done
Event: 4.002 loading class sun/util/resources/TimeZoneNames
Event: 4.003 loading class sun/util/resources/TimeZoneNamesBundle
Event: 4.003 loading class sun/util/resources/TimeZoneNamesBundle done
Event: 4.003 loading class sun/util/resources/TimeZoneNames done
Event: 4.003 loading class sun/util/resources/en/TimeZoneNames_en
Event: 4.003 loading class sun/util/resources/en/TimeZoneNames_en done


Dynamic libraries:

VM Arguments:
jvm_args: -Dclassworlds.conf=/usr/share/maven/bin/m2.conf -Dmaven.home=/usr/share/maven -Dmaven.multiModuleProjectDirectory=/home/rohan/projects/YCSB 
java_command: org.codehaus.plexus.classworlds.launcher.Launcher -pl com.yahoo.ycsb:jdbc-binding -am package -DskipTests dependency:build-classpath -DincludeScope=compile -Dmdep.outputFilterFile=true
java_class_path (initial): /usr/share/maven/boot/plexus-classworlds-2.x.jar
Launcher Type: SUN_STANDARD

Environment Variables:
JAVA_HOME=/usr/lib/jvm/java-8-oracle
PATH=/usr/local/sbin:/usr/local/bin:/usr/sbin:/usr/bin:/sbin:/bin:/snap/bin
USERNAME=root
LD_LIBRARY_PATH=/home/rohan/projects/quill-tpcc/:
LD_PRELOAD=libnvp.so
SHELL=/bin/bash

Signal Handlers:
SIGSEGV: [libjvm.so+0xad0890], sa_mask[0]=11111111011111111101111111111110, sa_flags=SA_RESTART|SA_SIGINFO
SIGBUS: [libjvm.so+0xad0890], sa_mask[0]=11111111011111111101111111111110, sa_flags=SA_RESTART|SA_SIGINFO
SIGFPE: [libjvm.so+0x928640], sa_mask[0]=11111111011111111101111111111110, sa_flags=SA_RESTART|SA_SIGINFO
SIGPIPE: [libjvm.so+0x928640], sa_mask[0]=11111111011111111101111111111110, sa_flags=SA_RESTART|SA_SIGINFO
SIGXFSZ: [libjvm.so+0x928640], sa_mask[0]=11111111011111111101111111111110, sa_flags=SA_RESTART|SA_SIGINFO
SIGILL: [libjvm.so+0x928640], sa_mask[0]=11111111011111111101111111111110, sa_flags=SA_RESTART|SA_SIGINFO
SIGUSR1: [libfileops_nvp.so+0x9c70], sa_mask[0]=00000000010000000000000000000000, sa_flags=SA_RESTART
SIGUSR2: [libjvm.so+0x929ea0], sa_mask[0]=00000000000000000000000000000000, sa_flags=SA_RESTART|SA_SIGINFO
SIGHUP: [libjvm.so+0x92b2a0], sa_mask[0]=11111111011111111101111111111110, sa_flags=SA_RESTART|SA_SIGINFO
SIGINT: [libjvm.so+0x92b2a0], sa_mask[0]=11111111011111111101111111111110, sa_flags=SA_RESTART|SA_SIGINFO
SIGTERM: [libjvm.so+0x92b2a0], sa_mask[0]=11111111011111111101111111111110, sa_flags=SA_RESTART|SA_SIGINFO
SIGQUIT: [libjvm.so+0x92b2a0], sa_mask[0]=11111111011111111101111111111110, sa_flags=SA_RESTART|SA_SIGINFO


---------------  S Y S T E M  ---------------

OS:DISTRIB_ID=Ubuntu
DISTRIB_RELEASE=16.04
DISTRIB_CODENAME=xenial
DISTRIB_DESCRIPTION="Ubuntu 16.04.4 LTS"

uname:Linux 4.13.0+ #16 SMP Thu Jan 24 04:49:33 CST 2019 x86_64
libc:glibc 2.23 NPTL 2.23 
rlimit: STACK 8192k, CORE infinity, NPROC 86125, NOFILE 1048576, AS infinity
load average:0.17 0.16 1.89

/proc/meminfo:


CPU:total 4 (initial active 4) (4 cores per cpu, 1 threads per core) family 6 model 94 stepping 3, cmov, cx8, fxsr, mmx, sse, sse2, sse3, ssse3, sse4.1, sse4.2, popcnt, avx, avx2, aes, clmul, erms, rtm, 3dnowpref, lzcnt, tsc, tscinvbit, bmi1, bmi2, adx

/proc/cpuinfo:


Memory: 4k page, physical 22449472k(11273740k free), swap 4999164k(4999164k free)

vm_info: Java HotSpot(TM) 64-Bit Server VM (25.171-b11) for linux-amd64 JRE (1.8.0_171-b11), built on Mar 28 2018 17:07:08 by "java_re" with gcc 4.3.0 20080428 (Red Hat 4.3.0-8)

time: Tue Feb  5 08:50:09 2019
elapsed time: 4 seconds (0d 0h 0m 4s)

